#
# There is insufficient memory for the Java Runtime Environment to continue.
# Native memory allocation (mmap) failed to map 130023424 bytes for Failed to commit area from 0x0000000084a00000 to 0x000000008c600000 of length 130023424.
# Possible reasons:
#   The system is out of physical RAM or swap space
#   The process is running with CompressedOops enabled, and the Java Heap may be blocking the growth of the native heap
# Possible solutions:
#   Reduce memory load on the system
#   Increase physical memory or swap space
#   Check if swap backing store is full
#   Decrease Java heap size (-Xmx/-Xms)
#   Decrease number of Java threads
#   Decrease Java thread stack sizes (-Xss)
#   Set larger code cache with -XX:ReservedCodeCacheSize=
# This output file may be truncated or incomplete.
#
#  Out of Memory Error (c:/BuildAgent/work/5ff2f6c26000d570/src/hotspot/os/windows/os_windows.cpp:3281), pid=3528, tid=3428
#
# JRE version:  (11.0.4+10) (build )
# Java VM: OpenJDK 64-Bit Server VM (11.0.4+10-b304.69, mixed mode, aot, sharing, tiered, compressed oops, g1 gc, windows-amd64)
# No core dump will be written. Minidumps are not enabled by default on client versions of Windows
#

---------------  S U M M A R Y ------------

Command Line: -javaagent:C:\Program Files\JetBrains\IntelliJ IDEA Community Edition 2019.2.3\lib\idea_rt.jar=50942:C:\Program Files\JetBrains\IntelliJ IDEA Community Edition 2019.2.3\bin -Dfile.encoding=UTF-8 com.kotlin.dicoding.FucntionsKt

Host: Intel(R) Core(TM) i5-3320M CPU @ 2.60GHz, 4 cores, 7G,  Windows 10 , 64 bit Build 18362 (10.0.18362.329)
Time: Tue Oct  1 16:08:11 2019 Malay Peninsula Standard Time elapsed time: 0 seconds (0d 0h 0m 0s)

---------------  T H R E A D  ---------------

Current thread (0x000001e2d937a800):  JavaThread "Unknown thread" [_thread_in_vm, id=3428, stack(0x0000001d55300000,0x0000001d55400000)]

Stack: [0x0000001d55300000,0x0000001d55400000]
Native frames: (J=compiled Java code, j=interpreted, Vv=VM code, C=native code)
V  [jvm.dll+0x5db31a]
V  [jvm.dll+0x70c395]
V  [jvm.dll+0x70d8b8]
V  [jvm.dll+0x70df83]
V  [jvm.dll+0x23dbb8]
V  [jvm.dll+0x5d8a74]
V  [jvm.dll+0x5cdb05]
V  [jvm.dll+0x2fa5bb]
V  [jvm.dll+0x2fa52a]
V  [jvm.dll+0x2fa402]
V  [jvm.dll+0x2ff2c6]
V  [jvm.dll+0x347893]
V  [jvm.dll+0x347f96]
V  [jvm.dll+0x347993]
V  [jvm.dll+0x2d4e28]
V  [jvm.dll+0x2d5fd7]
V  [jvm.dll+0x6eb717]
V  [jvm.dll+0x6ecf0c]
V  [jvm.dll+0x354fb9]
V  [jvm.dll+0x6d35be]
V  [jvm.dll+0x3bd673]
V  [jvm.dll+0x3bf9f1]
C  [java.exe+0x3763]
C  [java.exe+0x17a0c]
C  [KERNEL32.DLL+0x17bd4]
C  [ntdll.dll+0x6cee1]


---------------  P R O C E S S  ---------------

Threads class SMR info:
_java_thread_list=0x000001e2d7ad47c0, length=0, elements={
}

Java Threads: ( => current thread )

Other Threads:
  0x000001e2d9390800 GCTaskThread "GC Thread#0" [stack: 0x0000001d55400000,0x0000001d55500000] [id=8024]
  0x000001e2d93c1800 ConcurrentGCThread "G1 Main Marker" [stack: 0x0000001d55500000,0x0000001d55600000] [id=11360]
  0x000001e2d93c2800 ConcurrentGCThread "G1 Conc#0" [stack: 0x0000001d55600000,0x0000001d55700000] [id=10620]

[error occurred during error reporting (printing all threads), id 0xc0000005, EXCEPTION_ACCESS_VIOLATION (0xc0000005) at pc=0x00007ffd0d3e5727]

VM state:not at safepoint (not fully initialized)

VM Mutex/Monitor currently owned by a thread:  ([mutex/lock_event])
[0x000001e2d9376ad0] Heap_lock - owner thread: 0x000001e2d937a800

Heap address: 0x0000000084a00000, size: 1974 MB, Compressed Oops mode: Non-zero based: 0x0000000084a00000
Narrow klass base: 0x0000000000000000, Narrow klass shift: 0

GC Heap History (0 events):
No events

Deoptimization events (0 events):
No events

Classes redefined (0 events):
No events

Internal exceptions (0 events):
No events

Events (0 events):
No events


Dynamic libraries:
0x00007ff744560000 - 0x00007ff7445a7000 	C:\Program Files\JetBrains\IntelliJ IDEA Community Edition 2019.2.3\jbr\bin\java.exe
0x00007ffd667c0000 - 0x00007ffd669b0000 	C:\Windows\SYSTEM32\ntdll.dll
0x00007ffd64c40000 - 0x00007ffd64cf2000 	C:\Windows\System32\KERNEL32.DLL
0x00007ffd637d0000 - 0x00007ffd63a73000 	C:\Windows\System32\KERNELBASE.dll
0x00007ffd64980000 - 0x00007ffd64b13000 	C:\Windows\System32\USER32.dll
0x00007ffd637a0000 - 0x00007ffd637c1000 	C:\Windows\System32\win32u.dll
0x00007ffd65170000 - 0x00007ffd65196000 	C:\Windows\System32\GDI32.dll
0x00007ffd644e0000 - 0x00007ffd64674000 	C:\Windows\System32\gdi32full.dll
0x00007ffd64680000 - 0x00007ffd6471e000 	C:\Windows\System32\msvcp_win.dll
0x00007ffd63b30000 - 0x00007ffd63c2a000 	C:\Windows\System32\ucrtbase.dll
0x00007ffd4dae0000 - 0x00007ffd4dd65000 	C:\Windows\WinSxS\amd64_microsoft.windows.common-controls_6595b64144ccf1df_6.0.18362.356_none_e6c4af7d130f27cc\COMCTL32.dll
0x00007ffd66270000 - 0x00007ffd6630e000 	C:\Windows\System32\msvcrt.dll
0x00007ffd66320000 - 0x00007ffd66656000 	C:\Windows\System32\combase.dll
0x00007ffd65a10000 - 0x00007ffd65b30000 	C:\Windows\System32\RPCRT4.dll
0x00007ffd63c30000 - 0x00007ffd63cb0000 	C:\Windows\System32\bcryptPrimitives.dll
0x00007ffd66030000 - 0x00007ffd6605e000 	C:\Windows\System32\IMM32.DLL
0x00007ffd60100000 - 0x00007ffd60117000 	C:\Program Files\JetBrains\IntelliJ IDEA Community Edition 2019.2.3\jbr\bin\vcruntime140.dll
0x00007ffd4ca10000 - 0x00007ffd4caad000 	C:\Program Files\JetBrains\IntelliJ IDEA Community Edition 2019.2.3\jbr\bin\msvcp140.dll
0x00007ffd0d100000 - 0x00007ffd0dbb8000 	C:\Program Files\JetBrains\IntelliJ IDEA Community Edition 2019.2.3\jbr\bin\server\jvm.dll
0x00007ffd64870000 - 0x00007ffd64913000 	C:\Windows\System32\ADVAPI32.dll
0x00007ffd651a0000 - 0x00007ffd65237000 	C:\Windows\System32\sechost.dll
0x00007ffd64c30000 - 0x00007ffd64c38000 	C:\Windows\System32\PSAPI.DLL
0x00007ffd4bb90000 - 0x00007ffd4bb99000 	C:\Windows\SYSTEM32\WSOCK32.dll
0x00007ffd64bc0000 - 0x00007ffd64c2f000 	C:\Windows\System32\WS2_32.dll
0x00007ffd601a0000 - 0x00007ffd601c4000 	C:\Windows\SYSTEM32\WINMM.dll
0x00007ffd57a40000 - 0x00007ffd57a4a000 	C:\Windows\SYSTEM32\VERSION.dll
0x00007ffd60170000 - 0x00007ffd6019d000 	C:\Windows\SYSTEM32\WINMMBASE.dll
0x00007ffd63750000 - 0x00007ffd6379a000 	C:\Windows\System32\cfgmgr32.dll
0x00007ffd636a0000 - 0x00007ffd636b1000 	C:\Windows\System32\kernel.appcore.dll
0x00007ffd4b800000 - 0x00007ffd4b811000 	C:\Program Files\JetBrains\IntelliJ IDEA Community Edition 2019.2.3\jbr\bin\verify.dll
0x00007ffd47050000 - 0x00007ffd47244000 	C:\Windows\SYSTEM32\DBGHELP.DLL
0x00007ffd46f70000 - 0x00007ffd46f9a000 	C:\Windows\SYSTEM32\dbgcore.DLL
0x00007ffd3ab10000 - 0x00007ffd3ab39000 	C:\Program Files\JetBrains\IntelliJ IDEA Community Edition 2019.2.3\jbr\bin\java.dll
0x00007ffd5c180000 - 0x00007ffd5c1b4000 	C:\Program Files\JetBrains\IntelliJ IDEA Community Edition 2019.2.3\jbr\bin\instrument.dll
0x00007ffd4b4b0000 - 0x00007ffd4b4c7000 	C:\Program Files\JetBrains\IntelliJ IDEA Community Edition 2019.2.3\jbr\bin\zip.dll
0x00007ffd4b7f0000 - 0x00007ffd4b7fb000 	C:\Program Files\JetBrains\IntelliJ IDEA Community Edition 2019.2.3\jbr\bin\jimage.dll

dbghelp: loaded successfully - version: 4.0.5 - missing functions: none
symbol engine: initialized successfully - sym options: 0x614 - pdb path: .;C:\Program Files\JetBrains\IntelliJ IDEA Community Edition 2019.2.3\jbr\bin;C:\Windows\SYSTEM32;C:\Windows\WinSxS\amd64_microsoft.windows.common-controls_6595b64144ccf1df_6.0.18362.356_none_e6c4af7d130f27cc;C:\Program Files\JetBrains\IntelliJ IDEA Community Edition 2019.2.3\jbr\bin\server

VM Arguments:
jvm_args: -javaagent:C:\Program Files\JetBrains\IntelliJ IDEA Community Edition 2019.2.3\lib\idea_rt.jar=50942:C:\Program Files\JetBrains\IntelliJ IDEA Community Edition 2019.2.3\bin -Dfile.encoding=UTF-8 
java_command: com.kotlin.dicoding.FucntionsKt
java_class_path (initial): C:\Users\muham\IdeaProjects\first-kotlin\build\classes\kotlin\main;C:\Users\muham\.gradle\caches\modules-2\files-2.1\org.jetbrains.kotlin\kotlin-stdlib-jdk8\1.3.41\77652607ed82a49202d8a0b89de16994b61bdd75\kotlin-stdlib-jdk8-1.3.41.jar;C:\Users\muham\.gradle\caches\modules-2\files-2.1\org.jetbrains.kotlin\kotlin-stdlib-jdk7\1.3.41\a1f331124ba069a09e964ad2640c36f140f2c758\kotlin-stdlib-jdk7-1.3.41.jar;C:\Users\muham\.gradle\caches\modules-2\files-2.1\org.jetbrains.kotlin\kotlin-stdlib\1.3.41\e24bd38de28a326cce8b1f0d61e809e9a92dad6a\kotlin-stdlib-1.3.41.jar;C:\Users\muham\.gradle\caches\modules-2\files-2.1\org.jetbrains.kotlin\kotlin-stdlib-common\1.3.41\2ecf4aa059427d7186312fd1736afedf7972e7f7\kotlin-stdlib-common-1.3.41.jar;C:\Users\muham\.gradle\caches\modules-2\files-2.1\org.jetbrains\annotations\13.0\919f0dfe192fb4e063e7dacadee7f8bb9a2672a9\annotations-13.0.jar
Launcher Type: SUN_STANDARD

[Global flags]
     intx CICompilerCount                          = 3                                         {product} {ergonomic}
     uint ConcGCThreads                            = 1                                         {product} {ergonomic}
     uint G1ConcRefinementThreads                  = 4                                         {product} {ergonomic}
   size_t G1HeapRegionSize                         = 1048576                                   {product} {ergonomic}
    uintx GCDrainStackTargetSize                   = 64                                        {product} {ergonomic}
   size_t InitialHeapSize                          = 130023424                                 {product} {ergonomic}
   size_t MarkStackSize                            = 4194304                                   {product} {ergonomic}
   size_t MaxHeapSize                              = 2069889024                                {product} {ergonomic}
   size_t MinHeapDeltaBytes                        = 1048576                                   {product} {ergonomic}
    uintx NonNMethodCodeHeapSize                   = 5830092                                {pd product} {ergonomic}
    uintx NonProfiledCodeHeapSize                  = 122914074                              {pd product} {ergonomic}
    uintx ProfiledCodeHeapSize                     = 122914074                              {pd product} {ergonomic}
    uintx ReservedCodeCacheSize                    = 251658240                              {pd product} {ergonomic}
     bool SegmentedCodeCache                       = true                                      {product} {ergonomic}
     bool UseCompressedClassPointers               = true                                 {lp64_product} {ergonomic}
     bool UseCompressedOops                        = true                                 {lp64_product} {ergonomic}
     bool UseG1GC                                  = true                                      {product} {ergonomic}
     bool UseLargePagesIndividualAllocation        = false                                  {pd product} {ergonomic}

Logging:
Log output configuration:
 #0: stdout all=warning uptime,level,tags
 #1: stderr all=off uptime,level,tags

Environment Variables:
JAVA_HOME=Java
PATH=C:\Program Files (x86)\Common Files\Oracle\Java\javapath;C:\Windows\system32;C:\Windows;C:\Windows\System32\Wbem;C:\Windows\System32\WindowsPowerShell\v1.0\;C:\Windows\System32\OpenSSH\;C:\Program Files\Git\cmd;%JAVA_HOME%\bin;C:\Program Files (x86)\Java\jdk-13\bin;C:\gradle-5.6.2\bin;C:\Users\muham\AppData\Local\Microsoft\WindowsApps;C:\Users\muham\AppData\Local\GitHubDesktop\bin;D:\Master\flutter\bin;D:\flutter\bin;;C:\Users\muham\AppData\Local\Programs\Microsoft VS Code\bin;C:\Program Files\JetBrains\IntelliJ IDEA Community Edition 2019.2.3\bin;
USERNAME=muham
OS=Windows_NT
PROCESSOR_IDENTIFIER=Intel64 Family 6 Model 58 Stepping 9, GenuineIntel



---------------  S Y S T E M  ---------------

OS: Windows 10 , 64 bit Build 18362 (10.0.18362.329)

CPU:total 4 (initial active 4) (2 cores per cpu, 2 threads per core) family 6 model 58 stepping 9, cmov, cx8, fxsr, mmx, sse, sse2, sse3, ssse3, sse4.1, sse4.2, popcnt, avx, aes, clmul, erms, ht, tsc, tscinvbit, tscinv

Memory: 4k page, system-wide physical 7888M (877M free)
TotalPageFile size 32464M (AvailPageFile size 59M)
current process WorkingSet (physical memory assigned to process): 10M, peak: 10M
current process commit charge ("private bytes"): 51M, peak: 175M

vm_info: OpenJDK 64-Bit Server VM (11.0.4+10-b304.69) for windows-amd64 JRE (11.0.4+10-b304.69), built on Sep  9 2019 11:39:50 by "" with MS VC++ 14.0 (VS2015)

END.
